si: Loading file "/filespace/people/a/alangenf/ece555/LVS/si.env".
si: Loading file
"/afs/engr.wisc.edu/apps/cadence-2008/IC-6.1.1/tools.lnx86/dfII/etc/skill/si/caplib/seAutoload.ile".
si: Loading file
"/afs/engr.wisc.edu/apps/cadence-2008/IC-6.1.1/tools.lnx86/dfII/etc/skill/si/simcap.ile".
si: Loading file
"/afs/engr.wisc.edu/apps/cadence-2008/IC-6.1.1/tools.lnx86/dfII/etc/skill/si/caplib/util.ile".
si: Loading file
"/afs/engr.wisc.edu/apps/cadence-2008/IC-6.1.1/tools.lnx86/dfII/etc/skill/si/caplib/getfterms.ile".
si: Loading file
"/afs/engr.wisc.edu/apps/cadence-2008/IC-6.1.1/tools.lnx86/dfII/etc/skill/si/caplib/init.ile".
si: Loading file
"/afs/engr.wisc.edu/apps/cadence-2008/IC-6.1.1/tools.lnx86/dfII/etc/skill/si/caplib/siminout.ile".
si: Loading file
"/afs/engr.wisc.edu/apps/cadence-2008/IC-6.1.1/tools.lnx86/dfII/etc/skill/si/caplib/simulate.ile".
si: Loading file
"/afs/engr.wisc.edu/apps/cadence-2008/IC-6.1.1/tools.lnx86/dfII/etc/skill/si/caplib/remote.ile".
si: Loading file
"/afs/engr.wisc.edu/apps/cadence-2008/IC-6.1.1/tools.lnx86/dfII/etc/skill/si/caplib/netlist.ile".
si: simSetDef().... simHost is initialized to "localhost" .
si: simSetDef().... simLoginName is initialized to "alangenf" .
si: simSetDef().... simHostDiffers is initialized to "nil".
si: simSetDef().... simInteractiveSimulatorList is initialized to ("verilog") .
si: simSetDef().... simPostAnalysisProcessingFunc is initialized to "nil".
si: simSetDef().... simNotifyKillActionFunc is initialized to "nil".
si: simSetDef().... simDoNotDisplayDialogBox is initialized to "nil".
si: simSetDef().... simNetlistFileName is initialized to "netlist" .
si: simSetDef().... simMaxNetlistErrors is initialized to 25 .
si: simSetDef().... simUserDefineDefaultRunDirFunc is initialized to "nil".
si: simSetDef().... simNlpGlobalLibName is initialized to "basic" .
si: simSetDef().... simNlpGlobalCellName is initialized to "nlpglobals" .
si: simSetDef().... simCommand is initialized to "" .
si: simSetDef().... simSedFile is initialized to "" .
si: simSetDef().... simDefaultSimulator is already set to "spice". Redefinition
to nil is ignored.
si: simSetDef().... simDefaultRunDir is already set to "LVS". Redefinition to
nil is ignored.
si: simSetDef().... simSymbolModifiedAction is initialized to "ignore" .
si: simSetDef().... simOtherInfo is initialized to "nil".
si: simSetDef().... simIsFlattenP is initialized to "nil".
si: simSetDef().... simStlInputFile is initialized to "input.stl" .
si: simSetDef().... simDiffInputFile is initialized to "simdiff.stl" .
si: simSetDef().... simNoSimdiff is initialized to "nil".
si: simSetDef().... simDefaultControl is initialized to "nil".
si: simSetDef().... simControlFile is initialized to "nil".
si: simSetDef().... simLogFile is initialized to "si.log" .
si: simSetDef().... simTimeUnit is initialized to 1e-09 .
si: simSetDef().... simCapUnit is initialized to 1e-15 .
si: simSetDef().... simDoNetlist is initialized to t .
si: simSetDef().... simDoSimulate is initialized to t .
si: simSetDef().... simNetlistHier is initialized to "nil".
si: simSetDef().... simGlobalPrefix is initialized to "nil".
si: simSetDef().... simHierarchyPrefix is initialized to "nil".
si: simSetDef().... simNoLeadingHierarchyDelim is initialized to "nil".
si: simSetDef().... simPrefixHierarchyWithCV is initialized to "nil".
si: simSetDef().... simHierarchyDelimiter is initialized to "/" .
si: simSetDef().... simNetNamePrefix is initialized to "nil".
si: simSetDef().... simInstNamePrefix is initialized to "nil".
si: simSetDef().... simModelNamePrefix is initialized to "nil".
si: simSetDef().... simTermNamePrefix is initialized to "nil".
si: simSetDef().... simCheckTermMismatchAction is initialized to "error" .
si: simSetDef().... simLoadNetlister is initialized to t .
si: simSetDef().... simCleanFileList is initialized to "nil".
si: simSetDef().... simSimulatorSaveVars is initialized to "nil".
si: simSetDef().... simApplicationOptionsForm is initialized to "nil".
si: simSetDef().... simSimulatorSaveFiles is initialized to "nil".
si: simSetDef().... simDontCopyFileNetlistToRemoteRunDir is initialized to
"nil".
si: simSetDef().... simRsh is initialized to "nil".
si: simSetDef().... simMustSaveFiles is initialized to (("si.env" "text")) .
si: simSetDef().... simKnownSaveFiles is initialized to (("netlist" "netlist")
("control" "text") ("si.out" "text") ("si.log" "text") ("map/current"
"stranger") ("raw/waves" "stranger")) .
si: simSetDef().... simNotIncremental is initialized to "nil".
si: simSetDef().... simReNetlistAll is initialized to "nil".
si: simSetDef().... simUnbindVars is initialized to (interactiveTAP
SilosTimeScale simActions simApplicationOptionsForm simCapFileDir simCapUnit
simCellName simCheckTermMismatchAction simCleanFileList simControlFile
simDefaultControl simDefaultSimulator simDiffInputFile simDoNetlist
simDoNotDisplayDialogBox simDoPostLayout simExceptionTerms simFlattenSchType
simHierarchyPrefix simNoLeadingHierarchyDelim simPrefixHierarchyWithCV
simGlobalPrefix simHost simHostDiffers simInitRunActions simInstNamePrefix
simInstStopListTable simInstViewListTable simInteractiveSimulatorList
simIsFlattenP simLibName simLoadNetlister simLoginName simModelNamePrefix
simNetNamePrefix simNetlistFileName simNetlistHier simNlpGlobalLibName
simNlpGlobalCellName simNlpGlobalViewName simNoSimdiff simNotIncremental
simNowRunningRemoteSimulation simOtherInfo SIMPASSWORD
simPostAnalysisProcessingFunc simPrintSilosCap simReNetlistAll simRetainFterms
simStlInputFile simSimulatorSaveFiles simSimulatorSaveVars
simSymbolModifiedAction simTermNamePrefix simTimeUnit simViewList simViewName)
.
si: simSetDef().... simUnbindFuncs is initialized to (STLsimin cat netlist
runsim sim simCatErrorFile simCheckExist simCheckHeader simCheckVariables
simCreateRemoteCommands simDateStamp simDeleteRunDirFile simDoHiloTranslation
simDoSilosTranslation simDoTaTranslation simErrHandler simExecuteWithStatus
simExecute simGetSiFileLocation simGetTermList simIfNoProcedure simin
simInitControl simInitEqivRemoteSim simInitRaw simInitRunDir simInitSimulator
simInitSpiceIncludes simIoHandler simLoadNetlisterFiles simLoadSimulatorFiles
simNoNetlist simout simout1 simPostFunc simPrintEnvironment simPrintTermList
simPrintTermListWithOption simRunDirInfile simRunDirLoad simRunDirOutfile
simRunSimdiff simRunEqivRemoteSim simRunStl simSetDef simSetDefWithNoWarn
simGetSiFileLocation) .
si: simSetDef().... simSaveVars is initialized to (simLibName simCellName
simViewName simSimulator simNotIncremental simReNetlistAll) .
si: simSetDef().... simDoNotForkNetlist is initialized to "nil".
si: simSetDef().... interactiveTAP is initialized to "nil".
si: simSetDef().... simPrintSilosCap is initialized to "nil".
si: simSetDef().... simDoPostLayout is initialized to "nil".
si: Loading file
"/afs/engr.wisc.edu/apps/cadence-2008/IC-6.1.1/tools.lnx86/dfII/etc/skill/si/caplib/auLvs.ile".
si: simSetDef().... simActions is initialized to (simLVSCheckVariables()
simLVSNetlist("layout") simLVSNetlist("schematic") simLVSConvertXPoints()
simLVSRunSim() simLVSSimout("schematic") simLVSSimout("layout")) .
si: simSetDef().... simInstViewListTable is initialized to "nil".
si: simSetDef().... simInstStopListTable is initialized to "nil".
si: simSetDef().... __auLvsCdnsFmt is initialized to "fmtenbld" .
si: simSetDef().... applyDeviceFixing is initialized to "nil".
si: simSetDef().... lvsNetlistLayout is already set to t. Redefinition to nil is
ignored.
si: simSetDef().... lvsNetlistSchematic is already set to t. Redefinition to nil
is ignored.
si: simSetDef().... correspondenceFile is already set to
"/filespace/people/j/jnystrom/ece555/lvs_corr_file". Redefinition to nil is
ignored.
si: simSetDef().... createXref is initialized to "nil".
si: simSetDef().... disableLikeMatch is initialized to "nil".
si: simSetDef().... disableRewire is initialized to "nil".
si: simSetDef().... useFileCorrespondence is initialized to "nil".
si: simSetDef().... useLastBinaryXrefTable is initialized to "nil".
si: simSetDef().... useTerminalCorrespondence is already set to t. Redefinition
to nil is ignored.
si: simSetDef().... lvsRulesFilePath is already set to "divaLVS.rul".
Redefinition to "" is ignored.
si: simSetDef().... lvsRulesLibName is already set to "NCSU_TechLib_tsmc02d".
Redefinition to "" is ignored.
si: simSetDef().... lvsRulesFromLib is already set to t. Redefinition to nil is
ignored.
si: simSetDef().... lvsLimitLinesInOutFile is initialized to 20 .
si: simSetDef().... simSimulatorUnbindFuncs is initialized to (auLvs
simLVSCheckVariables simLVSNetlist simLVSConvertXPoints simLVSRunSim
simLVSSimout simNotNilOrEmpty simCatWithSlash) .
si: simSetDef().... simSimulatorSaveVars is initialized to (lvsLayoutCellName
lvsLayoutLibName lvsLayoutViewName lvsLayoutViewList lvsLayoutStopList
lvsNetlistLayout lvsSchematicCellName lvsSchematicLibName lvsSchematicViewName
lvsSchematicViewList lvsSchematicStopList lvsNetlistSchematic applyDeviceFixing
correspondenceFile createXref disableRewire useFileCorrespondence
useTerminalCorrespondence lvsRuleFilePath lvsRulesLibName lvsRulesFromLib
lvsAvSwitches) .
si: simSetDef().... simCleanFileList is initialized to ("layout/netbad.out"
"layout/devbad.out" "layout/mergenet.out" "layout/netlist" "layout/map/current"
"layout/map/current~" "layout/termbad.out" "layout/netxref.out"
"layout/devxref.out" "layout/prunedev.out" "layout/prunenet.out"
"layout/audit.out" "layout/ovfldev.out" "layout/ovflnet.out"
"schematic/netbad.out" "schematic/devbad.out" "schematic/mergenet.out"
"schematic/netlist" "schematic/map/current" "schematic/map/current~"
"schematic/termbad.out" "schematic/netxref.out" "schematic/devxref.out"
"schematic/prunedev.out" "schematic/prunenet.out" "schematic/audit.out"
"schematic/ovfldev.out" "schematic/ovflnet.out" "lvs.cpoint" "si.out"
"xref.out") .
si: Loading file "/filespace/people/a/alangenf/ece555/LVS/si.env".
si: simSetDef().... simInstViewListTable is initialized to "nil".
si: simSetDef().... simInstStopListTable is initialized to "nil".
si: simSetDef().... applyDeviceFixing is initialized to "nil".
si: simSetDef().... lvsNetlistLayout is already set to t. Redefinition to nil is
ignored.
si: simSetDef().... lvsNetlistSchematic is already set to t. Redefinition to nil
is ignored.
si: simSetDef().... correspondenceFile is already set to
"/filespace/people/j/jnystrom/ece555/lvs_corr_file". Redefinition to nil is
ignored.
si: simSetDef().... createXref is initialized to "nil".
si: simSetDef().... disableLikeMatch is initialized to "nil".
si: simSetDef().... disableRewire is initialized to "nil".
si: simSetDef().... useFileCorrespondence is initialized to "nil".
si: simSetDef().... useLastBinaryXrefTable is initialized to "nil".
si: simSetDef().... useTerminalCorrespondence is already set to t. Redefinition
to nil is ignored.
si: simSetDef().... lvsRulesFilePath is already set to "divaLVS.rul".
Redefinition to "" is ignored.
si: simSetDef().... lvsRulesLibName is already set to "NCSU_TechLib_tsmc02d".
Redefinition to "" is ignored.
si: simSetDef().... lvsRulesFromLib is already set to t. Redefinition to nil is
ignored.
si: simSetDef().... simInstViewListTable is initialized to "nil".
si: simSetDef().... simInstStopListTable is initialized to "nil".
si: simSetDef().... applyDeviceFixing is initialized to "nil".
si: simSetDef().... lvsNetlistLayout is already set to t. Redefinition to nil is
ignored.
si: simSetDef().... lvsNetlistSchematic is already set to t. Redefinition to nil
is ignored.
si: simSetDef().... correspondenceFile is already set to
"/filespace/people/j/jnystrom/ece555/lvs_corr_file". Redefinition to nil is
ignored.
si: simSetDef().... createXref is initialized to "nil".
si: simSetDef().... disableLikeMatch is initialized to "nil".
si: simSetDef().... disableRewire is initialized to "nil".
si: simSetDef().... useFileCorrespondence is initialized to "nil".
si: simSetDef().... useLastBinaryXrefTable is initialized to "nil".
si: simSetDef().... useTerminalCorrespondence is already set to t. Redefinition
to nil is ignored.
si: simSetDef().... lvsRulesFilePath is already set to "divaLVS.rul".
Redefinition to "" is ignored.
si: simSetDef().... lvsRulesLibName is already set to "NCSU_TechLib_tsmc02d".
Redefinition to "" is ignored.
si: simSetDef().... lvsRulesFromLib is already set to t. Redefinition to nil is
ignored.
si: Loading file "/filespace/people/a/alangenf/ece555/fsm.run1/si.env".
